[2026-04-14 03:27:51 : INFO] - Full Cache Purge triggered by: plugin activation/deactivation 
[2026-04-14 03:27:55 : INFO] - Full Cache Purge triggered by: plugin activation/deactivation 
[2026-04-14 03:28:04 : INFO] - Full Cache Purge triggered by: plugin activation/deactivation 
[2026-04-14 03:29:06 : INFO] - Pruning the Cache log file 
[2026-04-14 07:40:06 : INFO] - Full Cache Purge triggered by action: customize_save_after 
[2026-04-14 08:35:44 : INFO] - Full Cache Purge triggered by action: customize_save_after 
[2026-04-14 08:50:46 : INFO] - Full Cache Purge triggered by action: customize_save_after 
[2026-04-15 00:27:54 : INFO] - Full Cache Purge triggered by: plugin activation/deactivation 
[2026-04-15 00:33:52 : INFO] - Full Cache Purge triggered by action: customize_save_after 
[2026-04-15 00:37:19 : INFO] - Full Cache Purge triggered by action: customize_save_after 
[2026-04-15 00:48:59 : INFO] - Full Cache Purge triggered by action: customize_save_after 
[2026-04-15 01:16:32 : INFO] - Cache for URL: https://tokokai.or.jp/dept/support/ has been purged, triggered by action: save_post 
[2026-04-15 01:16:32 : INFO] - Cache for author page URL: https://tokokai.or.jp/author/v1067/ associated with post_type: page and Title: "診療サポート部門" has been purged, triggered by action: save_post 
[2026-04-15 01:16:36 : INFO] - Cache for URL: https://tokokai.or.jp/dept/support/ has been purged, triggered by action: save_post 
[2026-04-15 01:16:36 : INFO] - Cache for author page URL: https://tokokai.or.jp/author/v1067/ associated with post_type: page and Title: "診療サポート部門" has been purged, triggered by action: save_post 
[2026-04-15 01:18:02 : INFO] - Cache for URL: https://tokokai.or.jp/dept/support/ has been purged, triggered by action: save_post 
[2026-04-15 01:18:02 : INFO] - Cache for author page URL: https://tokokai.or.jp/author/v1067/ associated with post_type: page and Title: "診療サポート部門" has been purged, triggered by action: save_post 
[2026-04-15 01:18:06 : INFO] - Cache for URL: https://tokokai.or.jp/dept/support/ has been purged, triggered by action: save_post 
[2026-04-15 01:18:06 : INFO] - Cache for author page URL: https://tokokai.or.jp/author/v1067/ associated with post_type: page and Title: "診療サポート部門" has been purged, triggered by action: save_post 
[2026-04-15 01:18:25 : INFO] - Full Cache Purge triggered by action: customize_save_after 
[2026-04-15 01:19:21 : INFO] - Full Cache Purge triggered by action: customize_save_after 
[2026-04-15 01:20:32 : INFO] - Cache for URL: https://tokokai.or.jp/dept/support/ has been purged, triggered by action: save_post 
[2026-04-15 01:20:32 : INFO] - Cache for author page URL: https://tokokai.or.jp/author/v1067/ associated with post_type: page and Title: "診療サポート部門" has been purged, triggered by action: save_post 
[2026-04-15 01:20:36 : INFO] - Cache for URL: https://tokokai.or.jp/dept/support/ has been purged, triggered by action: save_post 
[2026-04-15 01:20:36 : INFO] - Cache for author page URL: https://tokokai.or.jp/author/v1067/ associated with post_type: page and Title: "診療サポート部門" has been purged, triggered by action: save_post 
[2026-04-15 01:20:53 : INFO] - Cache for URL: https://tokokai.or.jp/dept/support/ has been purged, triggered by action: save_post 
[2026-04-15 01:20:53 : INFO] - Cache for author page URL: https://tokokai.or.jp/author/v1067/ associated with post_type: page and Title: "診療サポート部門" has been purged, triggered by action: save_post 
[2026-04-15 01:20:57 : INFO] - Cache for URL: https://tokokai.or.jp/dept/support/ has been purged, triggered by action: save_post 
[2026-04-15 01:20:57 : INFO] - Cache for author page URL: https://tokokai.or.jp/author/v1067/ associated with post_type: page and Title: "診療サポート部門" has been purged, triggered by action: save_post 
[2026-04-15 01:21:57 : INFO] - Cache for URL: https://tokokai.or.jp/dept/support/ has been purged, triggered by action: save_post 
[2026-04-15 01:21:57 : INFO] - Cache for author page URL: https://tokokai.or.jp/author/v1067/ associated with post_type: page and Title: "診療サポート部門" has been purged, triggered by action: save_post 
[2026-04-15 01:22:01 : INFO] - Cache for URL: https://tokokai.or.jp/dept/support/ has been purged, triggered by action: save_post 
[2026-04-15 01:22:01 : INFO] - Cache for author page URL: https://tokokai.or.jp/author/v1067/ associated with post_type: page and Title: "診療サポート部門" has been purged, triggered by action: save_post 
[2026-04-15 01:35:30 : INFO] - Full Cache Purge triggered by action: customize_save_after 
[2026-04-15 01:37:57 : INFO] - Cache for URL: https://tokokai.or.jp/dept/ has been purged, triggered by action: save_post 
[2026-04-15 01:37:57 : INFO] - Cache for author page URL: https://tokokai.or.jp/author/v1067/ associated with post_type: page and Title: "診療科・部門" has been purged, triggered by action: save_post 
[2026-04-15 01:38:00 : INFO] - Cache for URL: https://tokokai.or.jp/dept/ has been purged, triggered by action: save_post 
[2026-04-15 01:38:00 : INFO] - Cache for author page URL: https://tokokai.or.jp/author/v1067/ associated with post_type: page and Title: "診療科・部門" has been purged, triggered by action: save_post 
[2026-04-15 01:38:30 : INFO] - Cache for URL: https://tokokai.or.jp/dept/ has been purged, triggered by action: save_post 
[2026-04-15 01:38:30 : INFO] - Cache for author page URL: https://tokokai.or.jp/author/v1067/ associated with post_type: page and Title: "診療科・部門" has been purged, triggered by action: save_post 
[2026-04-15 01:38:34 : INFO] - Cache for URL: https://tokokai.or.jp/dept/ has been purged, triggered by action: save_post 
[2026-04-15 01:38:34 : INFO] - Cache for author page URL: https://tokokai.or.jp/author/v1067/ associated with post_type: page and Title: "診療科・部門" has been purged, triggered by action: save_post 
[2026-04-15 04:56:46 : INFO] - Full Cache Purge triggered by action: customize_save_after 
[2026-04-15 06:17:08 : INFO] - Full Cache Purge triggered by action: customize_save_after 
[2026-04-15 06:26:20 : INFO] - Full Cache Purge triggered by: plugin activation/deactivation 
[2026-04-15 06:26:28 : INFO] - Full Cache Purge triggered by: plugin activation/deactivation 
[2026-04-15 06:26:28 : INFO] - Full Cache Purge triggered by: WPO_Page_Cache::disable 
[2026-04-15 06:26:28 : INFO] - Full Cache Purge triggered by: WP_Optimize_Minify_Cache_Functions::purge_others 
